<?xml version="1.0" encoding="UTF-8"?>
<testsuite name="com.example.queryexecutor.service.QueryServiceTest" tests="4" skipped="0" failures="0" errors="0" timestamp="2025-11-06T15:26:13" hostname="dhcp-10-224-22-211.in.fit.cvut.cz" time="0.082">
  <properties/>
  <testcase name="getAllQueries_ShouldReturnAllQueries()" classname="com.example.queryexecutor.service.QueryServiceTest" time="0.074"/>
  <testcase name="createQuery_ShouldSaveAndReturnId()" classname="com.example.queryexecutor.service.QueryServiceTest" time="0.002"/>
  <testcase name="getQueryById_WhenQueryExists_ShouldReturnQuery()" classname="com.example.queryexecutor.service.QueryServiceTest" time="0.003"/>
  <testcase name="getQueryById_WhenQueryNotExists_ShouldThrowException()" classname="com.example.queryexecutor.service.QueryServiceTest" time="0.002"/>
  <system-out><![CDATA[2025-11-06T16:26:13.075+01:00  INFO 72158 --- [query-executor] [    Test worker] c.e.queryexecutor.service.QueryService   : Fetching all stored queries
2025-11-06T16:26:13.079+01:00  INFO 72158 --- [query-executor] [    Test worker] c.e.queryexecutor.service.QueryService   : Creating new query: SELECT * FROM passengers
2025-11-06T16:26:13.079+01:00  INFO 72158 --- [query-executor] [    Test worker] c.e.queryexecutor.service.QueryService   : Query saved with ID: 1
2025-11-06T16:26:13.082+01:00  INFO 72158 --- [query-executor] [    Test worker] c.e.queryexecutor.service.QueryService   : Fetching query with ID: 1
2025-11-06T16:26:13.084+01:00  INFO 72158 --- [query-executor] [    Test worker] c.e.queryexecutor.service.QueryService   : Fetching query with ID: 99
]]></system-out>
  <system-err><![CDATA[]]></system-err>
</testsuite>
